📦 report is created on: /Users/marcusp/Documents/flow-test/coverage/html-report/test-report.html
TN:
SF:src/core/config.ts
FN:51,(anonymous_1)
FN:65,(anonymous_2)
FN:85,(anonymous_3)
FN:107,(anonymous_4)
FN:140,(anonymous_5)
FN:156,(anonymous_6)
FN:227,(anonymous_7)
FN:236,(anonymous_8)
FN:250,(anonymous_9)
FN:254,(anonymous_10)
FN:267,(anonymous_11)
FN:297,(anonymous_12)
FN:308,(anonymous_13)
FN:325,(anonymous_14)
FN:332,(anonymous_15)
FN:339,(anonymous_16)
FNF:16
FNH:16
FNDA:40,(anonymous_1)
FNDA:14,(anonymous_2)
FNDA:7,(anonymous_3)
FNDA:40,(anonymous_4)
FNDA:39,(anonymous_5)
FNDA:37,(anonymous_6)
FNDA:28,(anonymous_7)
FNDA:6,(anonymous_8)
FNDA:8,(anonymous_9)
FNDA:702,(anonymous_10)
FNDA:35,(anonymous_11)
FNDA:31,(anonymous_12)
FNDA:61,(anonymous_13)
FNDA:2,(anonymous_14)
FNDA:1,(anonymous_15)
FNDA:1,(anonymous_16)
DA:1,3
DA:2,3
DA:3,3
DA:25,3
DA:52,40
DA:53,38
DA:54,28
DA:66,14
DA:86,7
DA:87,7
DA:89,7
DA:108,40
DA:109,2
DA:110,1
DA:112,1
DA:116,38
DA:123,38
DA:124,43
DA:125,43
DA:126,37
DA:130,1
DA:141,39
DA:142,39
DA:143,38
DA:145,37
DA:147,10
DA:157,37
DA:158,1
DA:161,36
DA:162,1
DA:165,35
DA:220,35
DA:221,29
DA:228,28
DA:229,2
DA:232,28
DA:234,4
DA:235,3
DA:236,6
DA:241,28
DA:243,1
DA:251,8
DA:254,8
DA:255,702
DA:256,6
DA:257,6
DA:261,8
DA:269,35
DA:270,1
DA:276,34
DA:277,1
DA:281,33
DA:285,1
DA:291,32
DA:292,1
DA:296,31
DA:297,31
DA:299,31
DA:300,1
DA:306,30
DA:307,30
DA:308,61
DA:310,30
DA:311,1
DA:317,29
DA:318,1
DA:326,2
DA:333,1
DA:340,1
DA:347,1
LF:70
LH:70
BRDA:51,0,0,32
BRDA:87,1,0,7
BRDA:87,1,1,0
BRDA:87,2,0,0
BRDA:87,2,1,7
BRDA:87,3,0,7
BRDA:87,3,1,7
BRDA:108,4,0,2
BRDA:108,4,1,38
BRDA:109,5,0,1
BRDA:109,5,1,1
BRDA:125,6,0,37
BRDA:125,6,1,6
BRDA:157,7,0,1
BRDA:157,7,1,36
BRDA:157,8,0,37
BRDA:157,8,1,37
BRDA:161,9,0,1
BRDA:161,9,1,35
BRDA:167,10,0,35
BRDA:167,10,1,8
BRDA:169,11,0,35
BRDA:169,11,1,7
BRDA:169,12,0,7
BRDA:169,12,1,28
BRDA:169,13,0,35
BRDA:169,13,1,34
BRDA:171,14,0,35
BRDA:171,14,1,8
BRDA:171,15,0,8
BRDA:171,15,1,27
BRDA:171,16,0,35
BRDA:171,16,1,35
BRDA:171,17,0,7
BRDA:171,17,1,28
BRDA:171,18,0,35
BRDA:171,18,1,34
BRDA:172,19,0,35
BRDA:172,19,1,8
BRDA:172,20,0,8
BRDA:172,20,1,27
BRDA:172,21,0,35
BRDA:172,21,1,35
BRDA:172,22,0,7
BRDA:172,22,1,28
BRDA:172,23,0,35
BRDA:172,23,1,34
BRDA:174,24,0,7
BRDA:174,24,1,28
BRDA:174,25,0,35
BRDA:174,25,1,34
BRDA:177,26,0,35
BRDA:177,26,1,8
BRDA:177,27,0,7
BRDA:177,27,1,28
BRDA:177,28,0,35
BRDA:177,28,1,34
BRDA:181,29,0,35
BRDA:181,29,1,8
BRDA:181,30,0,7
BRDA:181,30,1,28
BRDA:181,31,0,35
BRDA:181,31,1,34
BRDA:185,32,0,7
BRDA:185,32,1,28
BRDA:185,33,0,35
BRDA:185,33,1,34
BRDA:188,34,0,35
BRDA:188,34,1,8
BRDA:188,35,0,7
BRDA:188,35,1,28
BRDA:188,36,0,35
BRDA:188,36,1,35
BRDA:194,37,0,35
BRDA:194,37,1,8
BRDA:194,38,0,7
BRDA:194,38,1,28
BRDA:194,39,0,35
BRDA:194,39,1,35
BRDA:196,40,0,7
BRDA:196,40,1,28
BRDA:196,41,0,35
BRDA:196,41,1,35
BRDA:199,42,0,35
BRDA:199,42,1,5
BRDA:199,43,0,4
BRDA:199,43,1,31
BRDA:199,44,0,35
BRDA:199,44,1,35
BRDA:200,45,0,35
BRDA:200,45,1,8
BRDA:200,46,0,4
BRDA:200,46,1,31
BRDA:200,47,0,35
BRDA:200,47,1,35
BRDA:201,48,0,35
BRDA:201,48,1,9
BRDA:201,49,0,4
BRDA:201,49,1,31
BRDA:201,50,0,35
BRDA:201,50,1,35
BRDA:202,51,0,35
BRDA:202,51,1,35
BRDA:202,52,0,4
BRDA:202,52,1,31
BRDA:202,53,0,35
BRDA:202,53,1,35
BRDA:204,54,0,35
BRDA:204,54,1,35
BRDA:204,55,0,9
BRDA:204,55,1,26
BRDA:204,56,0,35
BRDA:204,56,1,35
BRDA:204,57,0,4
BRDA:204,57,1,31
BRDA:204,58,0,35
BRDA:204,58,1,35
BRDA:205,59,0,35
BRDA:205,59,1,9
BRDA:205,60,0,9
BRDA:205,60,1,26
BRDA:205,61,0,35
BRDA:205,61,1,35
BRDA:205,62,0,4
BRDA:205,62,1,31
BRDA:205,63,0,35
BRDA:205,63,1,35
BRDA:206,64,0,35
BRDA:206,64,1,9
BRDA:206,65,0,9
BRDA:206,65,1,26
BRDA:206,66,0,35
BRDA:206,66,1,35
BRDA:206,67,0,4
BRDA:206,67,1,31
BRDA:206,68,0,35
BRDA:206,68,1,35
BRDA:210,69,0,35
BRDA:210,69,1,7
BRDA:210,70,0,6
BRDA:210,70,1,29
BRDA:210,71,0,35
BRDA:210,71,1,35
BRDA:211,72,0,35
BRDA:211,72,1,8
BRDA:211,73,0,6
BRDA:211,73,1,29
BRDA:211,74,0,35
BRDA:211,74,1,35
BRDA:212,75,0,6
BRDA:212,75,1,29
BRDA:212,76,0,35
BRDA:212,76,1,35
BRDA:214,77,0,6
BRDA:214,77,1,29
BRDA:214,78,0,35
BRDA:214,78,1,35
BRDA:216,79,0,6
BRDA:216,79,1,29
BRDA:216,80,0,35
BRDA:216,80,1,35
BRDA:228,81,0,2
BRDA:228,81,1,26
BRDA:232,82,0,4
BRDA:232,82,1,24
BRDA:232,83,0,28
BRDA:232,83,1,4
BRDA:234,84,0,3
BRDA:234,84,1,1
BRDA:241,85,0,1
BRDA:241,85,1,27
BRDA:255,86,0,6
BRDA:255,86,1,696
BRDA:269,87,0,1
BRDA:269,87,1,34
BRDA:276,88,0,1
BRDA:276,88,1,33
BRDA:281,89,0,1
BRDA:281,89,1,32
BRDA:282,90,0,33
BRDA:282,90,1,3
BRDA:291,91,0,1
BRDA:291,91,1,31
BRDA:299,92,0,1
BRDA:299,92,1,30
BRDA:310,93,0,1
BRDA:310,93,1,29
BRDA:317,94,0,1
BRDA:317,94,1,28
BRDA:326,95,0,2
BRDA:326,95,1,1
BRF:191
BRH:189
end_of_record
TN:
SF:src/core/discovery.ts
FN:39,(anonymous_8)
FN:62,(anonymous_9)
FN:107,(anonymous_11)
FN:144,(anonymous_13)
FN:182,(anonymous_14)
FN:188,(anonymous_15)
FN:203,(anonymous_16)
FN:217,(anonymous_17)
FN:224,(anonymous_18)
FN:236,(anonymous_19)
FN:238,(anonymous_20)
FN:250,(anonymous_21)
FN:253,(anonymous_22)
FN:258,(anonymous_23)
FN:261,(anonymous_24)
FN:283,(anonymous_25)
FN:292,(anonymous_26)
FN:312,(anonymous_27)
FN:327,(anonymous_29)
FN:331,(anonymous_31)
FN:348,(anonymous_32)
FN:352,(anonymous_33)
FN:354,(anonymous_34)
FN:359,(anonymous_35)
FNF:24
FNH:24
FNDA:38,(anonymous_8)
FNDA:25,(anonymous_9)
FNDA:57,(anonymous_11)
FNDA:18,(anonymous_13)
FNDA:47,(anonymous_14)
FNDA:48,(anonymous_15)
FNDA:47,(anonymous_16)
FNDA:47,(anonymous_17)
FNDA:18,(anonymous_18)
FNDA:23,(anonymous_19)
FNDA:44,(anonymous_20)
FNDA:23,(anonymous_21)
FNDA:22,(anonymous_22)
FNDA:22,(anonymous_23)
FNDA:20,(anonymous_24)
FNDA:2,(anonymous_25)
FNDA:5,(anonymous_26)
FNDA:3,(anonymous_27)
FNDA:1,(anonymous_29)
FNDA:3,(anonymous_31)
FNDA:4,(anonymous_32)
FNDA:7,(anonymous_33)
FNDA:3,(anonymous_34)
FNDA:7,(anonymous_35)
DA:1,2
DA:2,2
DA:3,2
DA:4,2
DA:36,2
DA:40,38
DA:63,25
DA:64,25
DA:66,25
DA:67,1
DA:70,24
DA:73,24
DA:74,47
DA:75,47
DA:81,46
DA:82,54
DA:83,54
DA:84,48
DA:85,44
DA:88,6
DA:96,23
DA:99,23
DA:101,23
DA:110,57
DA:111,57
DA:112,55
DA:114,51
DA:115,4
DA:118,4
DA:121,47
DA:135,47
DA:137,6
DA:145,18
DA:148,18
DA:153,4
DA:157,14
DA:162,4
DA:166,10
DA:171,2
DA:175,8
DA:183,47
DA:187,47
DA:188,44
DA:189,48
DA:190,47
DA:197,47
DA:204,47
DA:207,47
DA:208,44
DA:211,47
DA:218,47
DA:225,18
DA:230,18
DA:237,23
DA:238,23
DA:239,44
DA:240,22
DA:242,22
DA:243,22
DA:252,23
DA:253,23
DA:254,22
DA:258,23
DA:259,22
DA:261,20
DA:262,20
DA:263,20
DA:264,19
DA:268,20
DA:271,20
DA:276,2
DA:284,2
DA:292,2
DA:294,5
DA:295,5
DA:298,5
DA:301,5
DA:302,1
DA:306,2
DA:313,3
DA:314,3
DA:315,2
DA:318,2
DA:320,1
DA:328,1
DA:329,1
DA:331,1
DA:333,3
DA:334,3
DA:336,3
DA:337,2
DA:339,3
DA:342,1
DA:349,4
DA:352,4
DA:353,7
DA:354,6
DA:359,4
DA:361,7
DA:362,7
DA:364,7
LF:101
LH:101
BRDA:66,0,0,1
BRDA:66,0,1,24
BRDA:84,1,0,44
BRDA:84,1,1,4
BRDA:114,2,0,4
BRDA:114,2,1,47
BRDA:114,3,0,51
BRDA:114,3,1,51
BRDA:114,3,2,49
BRDA:126,4,0,47
BRDA:126,4,1,18
BRDA:126,5,0,6
BRDA:126,5,1,41
BRDA:126,6,0,47
BRDA:126,6,1,47
BRDA:132,7,0,47
BRDA:132,7,1,18
BRDA:132,8,0,6
BRDA:132,8,1,41
BRDA:132,9,0,47
BRDA:132,9,1,47
BRDA:148,10,0,4
BRDA:148,10,1,14
BRDA:149,11,0,18
BRDA:149,11,1,18
BRDA:149,11,2,16
BRDA:157,12,0,4
BRDA:157,12,1,10
BRDA:158,13,0,14
BRDA:158,13,1,10
BRDA:158,13,2,10
BRDA:166,14,0,2
BRDA:166,14,1,8
BRDA:167,15,0,10
BRDA:167,15,1,8
BRDA:167,15,2,8
BRDA:187,16,0,44
BRDA:187,16,1,3
BRDA:189,17,0,47
BRDA:189,17,1,1
BRDA:207,18,0,44
BRDA:207,18,1,3
BRDA:218,19,0,47
BRDA:218,19,1,8
BRDA:239,20,0,22
BRDA:239,20,1,22
BRDA:259,21,0,20
BRDA:259,21,1,2
BRDA:259,22,0,22
BRDA:259,22,1,22
BRDA:263,23,0,19
BRDA:263,23,1,1
BRDA:294,24,0,5
BRDA:294,24,1,1
BRDA:295,25,0,5
BRDA:295,25,1,5
BRDA:298,26,0,5
BRDA:298,26,1,1
BRDA:301,27,0,1
BRDA:301,27,1,4
BRDA:301,28,0,5
BRDA:301,28,1,5
BRDA:318,29,0,2
BRDA:318,29,1,1
BRDA:336,30,0,2
BRDA:336,30,1,1
BRDA:353,31,0,6
BRDA:353,31,1,1
BRDA:361,32,0,7
BRDA:361,32,1,6
BRDA:364,33,0,7
BRDA:364,33,1,4
BRF:72
BRH:72
end_of_record
TN:
SF:src/core/engine.ts
FN:122,(anonymous_8)
FN:188,(anonymous_9)
FN:225,(anonymous_11)
FN:276,(anonymous_12)
FN:310,(anonymous_14)
FN:317,(anonymous_15)
FN:342,(anonymous_16)
FN:354,(anonymous_17)
FN:375,(anonymous_18)
FN:392,(anonymous_19)
FN:400,(anonymous_20)
FN:402,(anonymous_21)
FN:433,(anonymous_22)
FN:452,(anonymous_23)
FN:467,(anonymous_24)
FN:468,(anonymous_25)
FN:494,(anonymous_26)
FN:509,(anonymous_27)
FN:516,(anonymous_28)
FN:523,(anonymous_29)
FN:532,(anonymous_31)
FNF:21
FNH:18
FNDA:51,(anonymous_8)
FNDA:8,(anonymous_9)
FNDA:0,(anonymous_11)
FNDA:11,(anonymous_12)
FNDA:20,(anonymous_14)
FNDA:15,(anonymous_15)
FNDA:5,(anonymous_16)
FNDA:10,(anonymous_17)
FNDA:2,(anonymous_18)
FNDA:9,(anonymous_19)
FNDA:10,(anonymous_20)
FNDA:10,(anonymous_21)
FNDA:3,(anonymous_22)
FNDA:6,(anonymous_23)
FNDA:0,(anonymous_24)
FNDA:0,(anonymous_25)
FNDA:51,(anonymous_26)
FNDA:1,(anonymous_27)
FNDA:4,(anonymous_28)
FNDA:3,(anonymous_29)
FNDA:2,(anonymous_31)
DA:1,1
DA:2,1
DA:3,1
DA:4,1
DA:5,1
DA:6,1
DA:7,1
DA:8,1
DA:9,1
DA:10,1
DA:52,1
DA:128,51
DA:132,51
DA:133,51
DA:136,51
DA:137,51
DA:138,51
DA:139,51
DA:140,51
DA:144,51
DA:145,51
DA:146,51
DA:189,8
DA:190,8
DA:192,8
DA:194,8
DA:196,8
DA:197,8
DA:198,8
DA:199,8
DA:202,8
DA:203,8
DA:205,8
DA:206,1
DA:207,1
DA:210,7
DA:213,7
DA:214,7
DA:215,0
DA:219,7
DA:222,7
DA:223,7
DA:225,0
DA:229,6
DA:230,6
DA:237,6
DA:238,6
DA:241,6
DA:244,6
DA:246,6
DA:248,1
DA:249,1
DA:277,11
DA:280,11
DA:281,10
DA:284,11
DA:285,11
DA:311,20
DA:313,20
DA:314,9
DA:317,11
DA:319,15
DA:320,0
DA:321,0
DA:326,15
DA:327,0
DA:328,0
DA:333,15
DA:334,3
DA:335,1
DA:340,14
DA:341,5
DA:342,5
DA:343,3
DA:347,11
DA:355,10
DA:356,10
DA:357,8
DA:359,7
DA:361,3
DA:362,3
DA:376,2
DA:398,9
DA:399,9
DA:400,10
DA:402,10
DA:403,9
DA:405,9
DA:434,3
DA:453,6
DA:454,6
DA:455,6
DA:456,6
DA:457,6
DA:458,6
DA:460,6
DA:461,1
DA:464,6
DA:465,0
DA:466,0
DA:467,0
DA:469,0
DA:478,6
DA:479,6
DA:480,6
DA:481,6
DA:482,6
DA:485,6
DA:488,6
DA:495,51
DA:510,1
DA:517,4
DA:524,3
DA:525,3
DA:527,3
DA:528,3
DA:529,3
DA:531,3
DA:532,3
DA:533,2
DA:538,2
DA:541,3
LF:122
LH:112
BRDA:124,0,0,50
BRDA:128,1,0,2
BRDA:128,1,1,49
BRDA:130,2,0,49
BRDA:130,2,1,48
BRDA:194,3,0,8
BRDA:194,3,1,0
BRDA:194,4,0,8
BRDA:194,4,1,8
BRDA:205,5,0,1
BRDA:205,5,1,7
BRDA:214,6,0,0
BRDA:214,6,1,7
BRDA:244,7,0,6
BRDA:244,7,1,0
BRDA:244,8,0,6
BRDA:244,8,1,6
BRDA:248,9,0,1
BRDA:248,9,1,0
BRDA:248,10,0,1
BRDA:248,10,1,1
BRDA:281,11,0,10
BRDA:281,11,1,0
BRDA:281,12,0,10
BRDA:281,12,1,10
BRDA:313,13,0,9
BRDA:313,13,1,11
BRDA:313,14,0,20
BRDA:313,14,1,20
BRDA:319,15,0,0
BRDA:319,15,1,15
BRDA:319,16,0,15
BRDA:319,16,1,0
BRDA:320,17,0,0
BRDA:320,17,1,0
BRDA:320,18,0,0
BRDA:320,18,1,0
BRDA:326,19,0,0
BRDA:326,19,1,15
BRDA:326,20,0,15
BRDA:326,20,1,0
BRDA:327,21,0,0
BRDA:327,21,1,0
BRDA:333,22,0,3
BRDA:333,22,1,12
BRDA:333,23,0,15
BRDA:333,23,1,3
BRDA:334,24,0,1
BRDA:334,24,1,2
BRDA:340,25,0,5
BRDA:340,25,1,9
BRDA:340,26,0,14
BRDA:340,26,1,5
BRDA:342,27,0,3
BRDA:342,27,1,2
BRDA:342,28,0,5
BRDA:342,28,1,5
BRDA:359,29,0,7
BRDA:359,29,1,3
BRDA:359,30,0,3
BRDA:359,30,1,4
BRDA:359,31,0,7
BRDA:359,31,1,7
BRDA:359,32,0,0
BRDA:359,32,1,7
BRDA:359,33,0,7
BRDA:359,33,1,7
BRDA:415,34,0,9
BRDA:415,34,1,0
BRDA:460,35,0,1
BRDA:460,35,1,5
BRDA:464,36,0,0
BRDA:464,36,1,6
BRDA:471,37,0,0
BRDA:471,37,1,0
BRDA:478,38,0,6
BRDA:478,38,1,0
BRDA:535,39,0,2
BRDA:535,39,1,0
BRF:79
BRH:57
end_of_record
TN:
SF:src/core/swagger/parser/swagger-parser.ts
FN:24,(anonymous_16)
FN:34,(anonymous_17)
FN:86,(anonymous_19)
FN:104,(anonymous_20)
FN:112,(anonymous_21)
FN:127,(anonymous_22)
FN:130,(anonymous_23)
FN:154,(anonymous_24)
FN:170,(anonymous_25)
FN:196,(anonymous_26)
FN:203,(anonymous_27)
FN:211,(anonymous_28)
FNF:12
FNH:11
FNDA:34,(anonymous_16)
FNDA:23,(anonymous_17)
FNDA:21,(anonymous_19)
FNDA:0,(anonymous_20)
FNDA:17,(anonymous_21)
FNDA:5,(anonymous_22)
FNDA:6,(anonymous_23)
FNDA:11,(anonymous_24)
FNDA:7,(anonymous_25)
FNDA:3,(anonymous_26)
FNDA:9,(anonymous_27)
FNDA:9,(anonymous_28)
DA:1,1
DA:2,1
DA:3,1
DA:11,1
DA:24,1
DA:25,34
DA:26,34
DA:35,23
DA:36,23
DA:37,23
DA:39,23
DA:41,23
DA:42,21
DA:45,18
DA:46,18
DA:47,18
DA:49,18
DA:50,1
DA:59,17
DA:62,17
DA:64,17
DA:71,5
DA:72,5
DA:74,5
DA:87,21
DA:89,21
DA:92,3
DA:94,17
DA:96,1
DA:106,0
DA:113,17
DA:115,17
DA:116,8
DA:119,9
DA:120,14
DA:121,14
DA:123,14
DA:124,112
DA:125,112
DA:127,25
DA:128,5
DA:130,25
DA:131,6
DA:134,25
DA:136,25
DA:148,9
DA:155,11
DA:156,1
DA:157,1
DA:158,0
DA:160,1
DA:161,1
DA:164,10
DA:171,7
DA:172,1
DA:175,6
DA:176,6
DA:178,6
DA:179,15
DA:180,12
DA:182,3
DA:186,3
DA:187,1
DA:190,2
DA:197,3
DA:204,9
DA:205,9
DA:212,9
DA:214,9
DA:216,2
DA:219,4
DA:221,3
LF:72
LH:70
BRDA:49,0,0,1
BRDA:49,0,1,17
BRDA:71,1,0,5
BRDA:71,1,1,0
BRDA:89,2,0,2
BRDA:89,2,1,3
BRDA:89,2,2,17
BRDA:89,2,3,1
BRDA:115,3,0,8
BRDA:115,3,1,9
BRDA:125,4,0,25
BRDA:125,4,1,87
BRDA:127,5,0,25
BRDA:127,5,1,20
BRDA:130,6,0,25
BRDA:130,6,1,19
BRDA:142,7,0,25
BRDA:142,7,1,1
BRDA:155,8,0,1
BRDA:155,8,1,10
BRDA:155,9,0,11
BRDA:155,9,1,11
BRDA:171,10,0,1
BRDA:171,10,1,6
BRDA:179,11,0,12
BRDA:179,11,1,3
BRDA:179,12,0,15
BRDA:179,12,1,12
BRDA:186,13,0,1
BRDA:186,13,1,2
BRDA:214,14,0,2
BRDA:214,14,1,2
BRDA:214,14,2,4
BRDA:214,14,3,3
BRF:34
BRH:33
end_of_record
TN:
SF:src/core/swagger/parser/validator.ts
FN:24,(anonymous_0)
FN:56,(anonymous_1)
FN:69,(anonymous_2)
FN:91,(anonymous_3)
FN:115,(anonymous_4)
FN:134,(anonymous_5)
FN:147,(anonymous_6)
FN:176,(anonymous_7)
FN:188,(anonymous_8)
FN:206,(anonymous_9)
FN:242,(anonymous_10)
FN:265,(anonymous_11)
FN:278,(anonymous_12)
FN:285,(anonymous_13)
FN:300,(anonymous_14)
FNF:15
FNH:15
FNDA:26,(anonymous_0)
FNDA:26,(anonymous_1)
FNDA:26,(anonymous_2)
FNDA:21,(anonymous_3)
FNDA:4,(anonymous_4)
FNDA:26,(anonymous_5)
FNDA:30,(anonymous_6)
FNDA:32,(anonymous_7)
FNDA:31,(anonymous_8)
FNDA:3,(anonymous_9)
FNDA:3,(anonymous_10)
FNDA:1,(anonymous_11)
FNDA:26,(anonymous_12)
FNDA:4,(anonymous_13)
FNDA:5,(anonymous_14)
DA:20,2
DA:25,26
DA:26,26
DA:29,26
DA:32,26
DA:35,26
DA:36,21
DA:37,5
DA:38,4
DA:42,26
DA:43,26
DA:45,26
DA:57,26
DA:58,21
DA:59,5
DA:60,4
DA:62,1
DA:70,26
DA:71,1
DA:72,1
DA:75,25
DA:76,1
DA:79,25
DA:80,1
DA:83,25
DA:84,3
DA:92,21
DA:93,1
DA:97,21
DA:98,1
DA:99,2
DA:100,2
DA:101,1
DA:107,21
DA:108,3
DA:116,4
DA:117,1
DA:121,4
DA:122,1
DA:126,4
DA:127,1
DA:135,26
DA:137,24
DA:138,23
DA:141,23
DA:142,1
DA:146,23
DA:147,30
DA:149,23
DA:150,1
DA:154,23
DA:155,1
DA:159,23
DA:160,184
DA:161,184
DA:162,32
DA:165,32
DA:166,2
DA:184,32
DA:185,2
DA:188,30
DA:189,31
DA:192,30
DA:193,1
DA:198,32
DA:199,1
DA:212,3
DA:214,3
DA:216,7
DA:217,6
DA:218,2
DA:220,6
DA:224,7
DA:225,1
DA:228,7
DA:229,1
DA:233,7
DA:234,1
DA:248,3
DA:249,1
DA:250,2
DA:255,3
DA:256,1
DA:257,5
DA:270,1
DA:271,2
DA:292,4
DA:293,2
DA:306,5
DA:307,1
DA:308,1
DA:311,4
DA:312,4
DA:313,1
DA:317,4
DA:318,2
DA:319,1
DA:323,4
DA:324,1
DA:325,1
LF:100
LH:100
BRDA:35,0,0,21
BRDA:35,0,1,5
BRDA:37,1,0,4
BRDA:37,1,1,1
BRDA:57,2,0,21
BRDA:57,2,1,5
BRDA:59,3,0,4
BRDA:59,3,1,1
BRDA:70,4,0,1
BRDA:70,4,1,25
BRDA:75,5,0,1
BRDA:75,5,1,24
BRDA:79,6,0,1
BRDA:79,6,1,24
BRDA:83,7,0,3
BRDA:83,7,1,22
BRDA:83,8,0,25
BRDA:83,8,1,23
BRDA:92,9,0,1
BRDA:92,9,1,20
BRDA:92,10,0,0
BRDA:92,10,1,21
BRDA:92,11,0,21
BRDA:92,11,1,21
BRDA:97,12,0,1
BRDA:97,12,1,20
BRDA:100,13,0,1
BRDA:100,13,1,1
BRDA:107,14,0,3
BRDA:107,14,1,18
BRDA:116,15,0,1
BRDA:116,15,1,3
BRDA:121,16,0,1
BRDA:121,16,1,3
BRDA:121,17,0,4
BRDA:121,17,1,2
BRDA:126,18,0,1
BRDA:126,18,1,3
BRDA:135,19,0,2
BRDA:135,19,1,24
BRDA:141,20,0,1
BRDA:141,20,1,22
BRDA:149,21,0,1
BRDA:149,21,1,22
BRDA:154,22,0,1
BRDA:154,22,1,22
BRDA:161,23,0,32
BRDA:161,23,1,152
BRDA:165,24,0,2
BRDA:165,24,1,30
BRDA:184,25,0,2
BRDA:184,25,1,30
BRDA:184,26,0,32
BRDA:184,26,1,31
BRDA:189,27,0,31
BRDA:189,27,1,3
BRDA:192,28,0,1
BRDA:192,28,1,29
BRDA:198,29,0,1
BRDA:198,29,1,31
BRDA:198,30,0,32
BRDA:198,30,1,2
BRDA:216,31,0,6
BRDA:216,31,1,1
BRDA:217,32,0,2
BRDA:217,32,1,4
BRDA:224,33,0,1
BRDA:224,33,1,6
BRDA:228,34,0,1
BRDA:228,34,1,6
BRDA:228,35,0,7
BRDA:228,35,1,7
BRDA:233,36,0,1
BRDA:233,36,1,6
BRDA:233,37,0,7
BRDA:233,37,1,2
BRDA:248,38,0,1
BRDA:248,38,1,2
BRDA:255,39,0,1
BRDA:255,39,1,2
BRDA:292,40,0,2
BRDA:292,40,1,2
BRDA:292,41,0,4
BRDA:292,41,1,4
BRDA:306,42,0,1
BRDA:306,42,1,4
BRDA:312,43,0,1
BRDA:312,43,1,3
BRDA:317,44,0,2
BRDA:317,44,1,2
BRDA:318,45,0,1
BRDA:318,45,1,1
BRDA:318,46,0,2
BRDA:318,46,1,1
BRDA:323,47,0,1
BRDA:323,47,1,3
BRDA:324,48,0,1
BRDA:324,48,1,0
BRF:98
BRH:96
end_of_record
TN:
SF:src/services/assertion.service.ts
FN:32,(anonymous_9)
FN:54,(anonymous_10)
FN:135,(anonymous_11)
FN:178,(anonymous_12)
FN:197,(anonymous_13)
FN:222,(anonymous_14)
FN:258,(anonymous_15)
FN:301,(anonymous_16)
FN:390,(anonymous_17)
FN:437,(anonymous_18)
FN:443,(anonymous_19)
FN:447,(anonymous_20)
FN:458,(anonymous_21)
FN:472,(anonymous_22)
FNF:14
FNH:12
FNDA:16,(anonymous_9)
FNDA:16,(anonymous_10)
FNDA:15,(anonymous_11)
FNDA:3,(anonymous_12)
FNDA:4,(anonymous_13)
FNDA:9,(anonymous_14)
FNDA:0,(anonymous_15)
FNDA:13,(anonymous_16)
FNDA:13,(anonymous_17)
FNDA:2,(anonymous_18)
FNDA:4,(anonymous_19)
FNDA:0,(anonymous_20)
FNDA:2,(anonymous_21)
FNDA:18,(anonymous_22)
DA:1,2
DA:10,2
DA:32,2
DA:33,16
DA:58,16
DA:60,16
DA:61,1
DA:73,15
DA:76,15
DA:77,3
DA:78,3
DA:83,0
DA:90,15
DA:91,4
DA:97,15
DA:98,9
DA:104,15
DA:105,0
DA:113,15
DA:136,15
DA:139,15
DA:140,15
DA:142,15
DA:143,16
DA:145,0
DA:146,0
DA:147,0
DA:148,16
DA:150,0
DA:151,0
DA:152,0
DA:157,15
DA:158,0
DA:165,15
DA:166,0
DA:172,15
DA:182,3
DA:183,3
DA:185,3
DA:201,4
DA:202,4
DA:204,4
DA:206,5
DA:207,5
DA:216,4
DA:226,9
DA:227,9
DA:229,9
DA:232,9
DA:233,9
DA:235,1
DA:244,1
DA:247,8
DA:252,9
DA:262,0
DA:263,0
DA:265,0
DA:266,0
DA:267,0
DA:280,0
DA:281,0
DA:282,0
DA:295,0
DA:306,13
DA:308,13
DA:309,9
DA:310,9
DA:320,13
DA:321,0
DA:322,0
DA:332,13
DA:333,2
DA:334,2
DA:345,13
DA:347,0
DA:348,0
DA:358,13
DA:360,0
DA:361,0
DA:371,13
DA:372,2
DA:373,2
DA:384,13
DA:391,13
DA:392,6
DA:395,5
DA:397,0
DA:402,0
DA:405,0
DA:409,0
DA:411,0
DA:414,5
DA:415,0
DA:417,0
DA:418,0
DA:420,0
DA:422,0
DA:423,0
DA:424,0
DA:428,0
DA:431,5
DA:438,2
DA:439,0
DA:442,2
DA:443,4
DA:446,0
DA:447,0
DA:448,0
DA:452,0
DA:459,2
DA:461,2
DA:462,2
DA:463,2
DA:465,0
DA:479,18
LF:115
LH:71
BRDA:60,0,0,1
BRDA:60,0,1,15
BRDA:76,1,0,3
BRDA:76,1,1,12
BRDA:77,2,0,3
BRDA:77,2,1,0
BRDA:90,3,0,4
BRDA:90,3,1,11
BRDA:97,4,0,9
BRDA:97,4,1,6
BRDA:104,5,0,0
BRDA:104,5,1,15
BRDA:143,6,0,0
BRDA:143,6,1,16
BRDA:148,7,0,0
BRDA:148,7,1,16
BRDA:157,8,0,0
BRDA:157,8,1,15
BRDA:165,9,0,0
BRDA:165,9,1,15
BRDA:190,10,0,2
BRDA:190,10,1,1
BRDA:206,11,0,5
BRDA:206,11,1,1
BRDA:265,12,0,0
BRDA:265,12,1,0
BRDA:273,13,0,0
BRDA:273,13,1,0
BRDA:280,14,0,0
BRDA:280,14,1,0
BRDA:288,15,0,0
BRDA:288,15,1,0
BRDA:308,16,0,9
BRDA:308,16,1,4
BRDA:320,17,0,0
BRDA:320,17,1,13
BRDA:332,18,0,2
BRDA:332,18,1,11
BRDA:340,19,0,1
BRDA:340,19,1,1
BRDA:345,20,0,0
BRDA:345,20,1,13
BRDA:347,21,0,0
BRDA:347,21,1,0
BRDA:358,22,0,0
BRDA:358,22,1,13
BRDA:360,23,0,0
BRDA:360,23,1,0
BRDA:371,24,0,2
BRDA:371,24,1,11
BRDA:379,25,0,1
BRDA:379,25,1,1
BRDA:391,26,0,7
BRDA:391,26,1,6
BRDA:392,27,0,1
BRDA:392,27,1,5
BRDA:392,28,0,6
BRDA:392,28,1,5
BRDA:395,29,0,0
BRDA:395,29,1,5
BRDA:397,30,0,0
BRDA:397,30,1,0
BRDA:398,31,0,0
BRDA:398,31,1,0
BRDA:398,31,2,0
BRDA:398,31,3,0
BRDA:405,32,0,0
BRDA:405,32,1,0
BRDA:406,33,0,0
BRDA:406,33,1,0
BRDA:406,33,2,0
BRDA:406,33,3,0
BRDA:414,34,0,0
BRDA:414,34,1,5
BRDA:415,35,0,0
BRDA:415,35,1,0
BRDA:420,36,0,0
BRDA:420,36,1,0
BRDA:423,37,0,0
BRDA:423,37,1,0
BRDA:423,38,0,0
BRDA:423,38,1,0
BRDA:438,39,0,0
BRDA:438,39,1,2
BRDA:438,40,0,2
BRDA:438,40,1,0
BRDA:442,41,0,2
BRDA:442,41,1,0
BRDA:446,42,0,0
BRDA:446,42,1,0
BRDA:446,43,0,0
BRDA:446,43,1,0
BRDA:459,44,0,0
BRDA:459,44,1,2
BRDA:485,45,0,18
BRDA:485,45,1,13
BRDA:486,46,0,10
BRDA:486,46,1,3
BRF:98
BRH:47
end_of_record
TN:
SF:src/services/capture.service.ts
FN:24,(anonymous_9)
FN:47,(anonymous_10)
FN:93,(anonymous_11)
FN:193,(anonymous_12)
FN:215,(anonymous_13)
FN:233,(anonymous_14)
FN:251,(anonymous_15)
FN:279,(anonymous_16)
FNF:8
FNH:8
FNDA:46,(anonymous_9)
FNDA:28,(anonymous_10)
FNDA:142,(anonymous_11)
FNDA:143,(anonymous_12)
FNDA:138,(anonymous_13)
FNDA:3,(anonymous_14)
FNDA:27,(anonymous_15)
FNDA:8,(anonymous_16)
DA:1,2
DA:3,2
DA:24,2
DA:25,46
DA:52,28
DA:54,28
DA:55,1
DA:56,1
DA:59,27
DA:60,142
DA:61,142
DA:63,140
DA:64,138
DA:65,138
DA:69,2
DA:74,2
DA:80,27
DA:101,142
DA:102,3
DA:106,139
DA:108,1
DA:112,138
DA:113,7
DA:116,7
DA:117,5
DA:118,5
DA:120,5
DA:121,5
DA:124,5
DA:132,5
DA:140,1
DA:147,2
DA:152,131
DA:153,131
DA:154,131
DA:158,9
DA:159,8
DA:160,7
DA:161,6
DA:164,4
DA:165,3
DA:168,1
DA:194,143
DA:196,143
DA:216,138
DA:217,135
DA:218,135
DA:219,116
DA:223,19
DA:224,5
DA:225,5
DA:227,14
DA:234,3
DA:236,3
DA:237,5
DA:239,5
DA:241,2
DA:245,3
DA:252,27
DA:253,9
DA:256,18
DA:258,18
DA:259,45
DA:260,45
DA:262,45
DA:267,14
DA:273,18
DA:280,8
DA:281,1
DA:284,7
DA:285,7
DA:288,7
DA:291,7
DA:292,7
DA:298,7
DA:299,28
DA:300,8
DA:306,7
DA:307,6
DA:308,6
DA:311,7
LF:81
LH:81
BRDA:54,0,0,1
BRDA:54,0,1,27
BRDA:63,1,0,138
BRDA:63,1,1,2
BRDA:101,2,0,3
BRDA:101,2,1,139
BRDA:106,3,0,1
BRDA:106,3,1,138
BRDA:106,4,0,139
BRDA:106,4,1,1
BRDA:112,5,0,7
BRDA:112,5,1,131
BRDA:112,6,0,138
BRDA:112,6,1,7
BRDA:116,7,0,5
BRDA:116,7,1,2
BRDA:121,8,0,5
BRDA:121,8,1,4
BRDA:158,9,0,1
BRDA:158,9,1,8
BRDA:159,10,0,1
BRDA:159,10,1,7
BRDA:160,11,0,1
BRDA:160,11,1,6
BRDA:161,12,0,2
BRDA:161,12,1,4
BRDA:164,13,0,3
BRDA:164,13,1,1
BRDA:164,14,0,4
BRDA:164,14,1,2
BRDA:216,15,0,3
BRDA:216,15,1,135
BRDA:217,16,0,0
BRDA:217,16,1,135
BRDA:218,17,0,116
BRDA:218,17,1,19
BRDA:219,18,0,1
BRDA:219,18,1,115
BRDA:223,19,0,5
BRDA:223,19,1,14
BRDA:225,20,0,1
BRDA:225,20,1,4
BRDA:251,21,0,6
BRDA:251,22,0,7
BRDA:252,23,0,9
BRDA:252,23,1,18
BRDA:252,24,0,27
BRDA:252,24,1,21
BRDA:252,24,2,20
BRDA:259,25,0,37
BRDA:259,25,1,8
BRDA:262,26,0,14
BRDA:262,26,1,31
BRDA:263,27,0,45
BRDA:263,27,1,16
BRDA:263,27,2,15
BRDA:280,28,0,1
BRDA:280,28,1,7
BRDA:291,29,0,7
BRDA:291,29,1,0
BRDA:299,30,0,8
BRDA:299,30,1,20
BRDA:299,31,0,28
BRDA:299,31,1,20
BRDA:306,32,0,6
BRDA:306,32,1,1
BRDA:306,33,0,7
BRDA:306,33,1,7
BRF:68
BRH:66
end_of_record
TN:
SF:src/services/faker.service.ts
FN:149,(anonymous_0)
FN:156,(anonymous_1)
FN:166,(anonymous_2)
FN:181,(anonymous_3)
FN:227,(anonymous_4)
FN:256,(anonymous_5)
FN:283,(anonymous_6)
FN:290,(anonymous_7)
FN:298,(anonymous_8)
FN:305,(anonymous_9)
FNF:10
FNH:7
FNDA:2,(anonymous_0)
FNDA:20,(anonymous_1)
FNDA:2,(anonymous_2)
FNDA:16,(anonymous_3)
FNDA:12,(anonymous_4)
FNDA:2,(anonymous_5)
FNDA:2,(anonymous_6)
FNDA:0,(anonymous_7)
FNDA:0,(anonymous_8)
FNDA:0,(anonymous_9)
DA:1,2
DA:23,2
DA:30,2
DA:149,2
DA:150,2
DA:157,20
DA:158,2
DA:160,20
DA:170,2
DA:171,0
DA:183,16
DA:184,3
DA:189,13
DA:190,13
DA:192,13
DA:193,0
DA:198,13
DA:201,13
DA:202,13
DA:203,0
DA:206,13
DA:207,13
DA:208,0
DA:214,13
DA:216,0
DA:229,12
DA:234,12
DA:236,12
DA:237,2
DA:239,2
DA:241,2
DA:242,2
DA:244,0
DA:248,10
DA:257,2
DA:259,2
DA:260,2
DA:262,0
DA:264,0
DA:265,0
DA:266,0
DA:268,0
DA:270,0
DA:271,0
DA:274,0
DA:284,2
DA:291,0
DA:292,0
DA:299,0
DA:306,0
DA:311,2
LF:51
LH:33
BRDA:149,0,0,2
BRDA:157,1,0,2
BRDA:157,1,1,18
BRDA:170,2,0,0
BRDA:170,2,1,2
BRDA:181,3,0,14
BRDA:183,4,0,3
BRDA:183,4,1,13
BRDA:192,5,0,0
BRDA:192,5,1,13
BRDA:202,6,0,0
BRDA:202,6,1,13
BRDA:207,7,0,0
BRDA:207,7,1,13
BRDA:229,8,0,8
BRDA:229,8,1,4
BRDA:236,9,0,2
BRDA:236,9,1,10
BRDA:271,10,0,0
BRDA:271,10,1,0
BRF:20
BRH:14
end_of_record
TN:
SF:src/services/global-registry.service.ts
FN:92,(anonymous_0)
FN:114,(anonymous_1)
FN:153,(anonymous_2)
FN:198,(anonymous_3)
FN:237,(anonymous_4)
FN:244,(anonymous_5)
FN:261,(anonymous_6)
FN:279,(anonymous_7)
FN:286,(anonymous_8)
FN:293,(anonymous_9)
FN:319,(anonymous_10)
FN:340,(anonymous_11)
FN:364,(anonymous_12)
FN:373,(anonymous_13)
FN:410,(anonymous_14)
FN:413,(anonymous_15)
FN:419,(anonymous_16)
FN:438,(anonymous_17)
FN:451,(anonymous_18)
FN:460,(anonymous_19)
FN:510,(anonymous_20)
FN:534,(anonymous_21)
FN:542,(anonymous_22)
FNF:23
FNH:23
FNDA:100,(anonymous_0)
FNDA:77,(anonymous_1)
FNDA:132,(anonymous_2)
FNDA:45,(anonymous_3)
FNDA:8,(anonymous_4)
FNDA:7,(anonymous_5)
FNDA:3,(anonymous_6)
FNDA:4,(anonymous_7)
FNDA:10,(anonymous_8)
FNDA:15,(anonymous_9)
FNDA:3,(anonymous_10)
FNDA:3,(anonymous_11)
FNDA:2,(anonymous_12)
FNDA:4,(anonymous_13)
FNDA:2,(anonymous_14)
FNDA:1,(anonymous_15)
FNDA:1,(anonymous_16)
FNDA:2,(anonymous_17)
FNDA:2,(anonymous_18)
FNDA:3,(anonymous_19)
FNDA:4,(anonymous_20)
FNDA:58,(anonymous_21)
FNDA:132,(anonymous_22)
DA:1,3
DA:78,3
DA:80,100
DA:83,100
DA:85,100
DA:93,100
DA:94,100
DA:120,77
DA:121,76
DA:131,77
DA:132,77
DA:133,77
DA:134,77
DA:135,77
DA:138,77
DA:139,205
DA:140,205
DA:143,77
DA:154,132
DA:156,132
DA:158,1
DA:166,1
DA:170,132
DA:171,1
DA:176,132
DA:185,132
DA:186,132
DA:189,132
DA:190,132
DA:192,132
DA:199,45
DA:201,45
DA:202,6
DA:205,6
DA:208,39
DA:209,39
DA:210,12
DA:211,12
DA:214,27
DA:215,27
DA:218,4
DA:219,4
DA:220,1
DA:224,3
DA:228,4
DA:231,23
DA:238,8
DA:245,7
DA:246,7
DA:247,1
DA:250,6
DA:251,6
DA:252,54
DA:255,6
DA:262,3
DA:264,3
DA:265,2
DA:266,2
DA:269,2
DA:273,3
DA:280,4
DA:287,10
DA:301,15
DA:302,15
DA:303,2
DA:306,13
DA:320,3
DA:321,3
DA:322,1
DA:326,2
DA:327,2
DA:328,2
DA:332,2
DA:334,2
DA:341,3
DA:342,3
DA:343,1
DA:347,2
DA:348,4
DA:349,4
DA:353,2
DA:354,2
DA:356,2
DA:365,2
DA:366,2
DA:367,2
DA:380,4
DA:381,4
DA:382,4
DA:383,4
DA:385,4
DA:386,3
DA:387,3
DA:389,3
DA:390,2
DA:393,3
DA:396,4
DA:411,2
DA:413,1
DA:419,1
DA:432,2
DA:439,2
DA:440,2
DA:443,2
DA:444,2
DA:445,1
DA:451,2
DA:452,2
DA:453,2
DA:465,3
DA:466,3
DA:469,3
DA:470,7
DA:472,7
DA:473,1
DA:478,7
DA:479,7
DA:480,1
DA:481,1
DA:484,6
DA:485,3
DA:490,3
DA:491,3
DA:492,4
DA:493,4
DA:494,1
DA:499,3
DA:512,4
DA:534,4
DA:535,58
DA:543,132
DA:544,3
DA:547,129
DA:548,114
DA:553,15
DA:554,8
DA:559,7
LF:137
LH:137
BRDA:120,0,0,76
BRDA:120,0,1,1
BRDA:156,1,0,1
BRDA:156,1,1,131
BRDA:170,2,0,1
BRDA:170,2,1,131
BRDA:201,3,0,6
BRDA:201,3,1,39
BRDA:201,4,0,45
BRDA:201,4,1,42
BRDA:209,5,0,12
BRDA:209,5,1,27
BRDA:215,6,0,4
BRDA:215,6,1,23
BRDA:219,7,0,1
BRDA:219,7,1,3
BRDA:246,8,0,1
BRDA:246,8,1,6
BRDA:302,9,0,2
BRDA:302,9,1,13
BRDA:321,10,0,1
BRDA:321,10,1,2
BRDA:342,11,0,1
BRDA:342,11,1,2
BRDA:389,12,0,2
BRDA:389,12,1,1
BRDA:401,13,0,2
BRDA:401,13,1,2
BRDA:403,14,0,2
BRDA:403,14,1,2
BRDA:472,15,0,1
BRDA:472,15,1,6
BRDA:479,16,0,1
BRDA:479,16,1,6
BRDA:484,17,0,3
BRDA:484,17,1,3
BRDA:493,18,0,1
BRDA:493,18,1,3
BRDA:543,19,0,3
BRDA:543,19,1,129
BRDA:543,20,0,132
BRDA:543,20,1,130
BRDA:547,21,0,114
BRDA:547,21,1,15
BRDA:548,22,0,2
BRDA:548,22,1,112
BRDA:553,23,0,8
BRDA:553,23,1,7
BRDA:554,24,0,1
BRDA:554,24,1,7
BRF:50
BRH:50
end_of_record
TN:
SF:src/services/http.service.ts
FN:81,(anonymous_8)
FN:111,(anonymous_9)
FN:131,(anonymous_11)
FN:209,(anonymous_12)
FN:230,(anonymous_13)
FN:248,(anonymous_14)
FN:279,(anonymous_15)
FN:286,(anonymous_16)
FN:294,(anonymous_17)
FN:317,(anonymous_18)
FN:334,(anonymous_19)
FN:372,(anonymous_20)
FN:413,(anonymous_21)
FNF:13
FNH:10
FNDA:20,(anonymous_8)
FNDA:16,(anonymous_9)
FNDA:0,(anonymous_11)
FNDA:19,(anonymous_12)
FNDA:13,(anonymous_13)
FNDA:3,(anonymous_14)
FNDA:0,(anonymous_15)
FNDA:0,(anonymous_16)
FNDA:16,(anonymous_17)
FNDA:13,(anonymous_18)
FNDA:16,(anonymous_19)
FNDA:16,(anonymous_20)
FNDA:13,(anonymous_21)
DA:1,2
DA:4,2
DA:49,2
DA:56,20
DA:82,20
DA:83,20
DA:115,16
DA:117,16
DA:119,16
DA:121,16
DA:124,16
DA:131,0
DA:135,16
DA:136,13
DA:139,13
DA:141,13
DA:143,13
DA:164,3
DA:165,3
DA:167,3
DA:173,3
DA:175,3
DA:211,19
DA:212,2
DA:216,17
DA:217,0
DA:221,17
DA:222,17
DA:224,17
DA:231,13
DA:232,13
DA:233,13
DA:234,0
DA:236,13
DA:239,0
DA:241,0
DA:249,3
DA:250,2
DA:252,2
DA:253,0
DA:256,2
DA:257,1
DA:260,1
DA:261,0
DA:264,1
DA:265,1
DA:268,0
DA:269,0
DA:273,1
DA:280,0
DA:287,0
DA:297,16
DA:299,16
DA:300,8
DA:302,6
DA:303,6
DA:305,6
DA:306,5
DA:311,16
DA:318,13
DA:320,13
DA:321,13
DA:322,8
DA:323,8
DA:328,13
DA:335,16
DA:338,16
DA:339,16
DA:340,8
DA:341,6
DA:343,6
DA:344,1
DA:347,5
DA:348,5
DA:353,16
DA:355,3
DA:359,3
DA:360,3
DA:364,16
DA:366,16
DA:373,16
DA:374,16
DA:376,16
DA:377,16
DA:380,16
DA:381,16
DA:382,8
DA:383,6
DA:388,16
DA:390,3
DA:393,3
DA:396,16
DA:399,16
DA:401,3
DA:404,3
DA:407,16
DA:414,13
DA:417,13
DA:418,8
DA:419,8
DA:423,13
DA:426,13
DA:428,13
DA:431,13
DA:434,13
LF:105
LH:94
BRDA:81,0,0,19
BRDA:127,1,0,16
BRDA:127,1,1,12
BRDA:211,2,0,2
BRDA:211,2,1,17
BRDA:211,3,0,19
BRDA:211,3,1,19
BRDA:216,4,0,0
BRDA:216,4,1,17
BRDA:216,5,0,17
BRDA:216,5,1,17
BRDA:222,6,0,17
BRDA:222,6,1,0
BRDA:232,7,0,13
BRDA:232,7,1,0
BRDA:233,8,0,0
BRDA:233,8,1,13
BRDA:249,9,0,2
BRDA:249,9,1,1
BRDA:252,10,0,0
BRDA:252,10,1,2
BRDA:256,11,0,1
BRDA:256,11,1,1
BRDA:260,12,0,0
BRDA:260,12,1,1
BRDA:264,13,0,1
BRDA:264,13,1,0
BRDA:268,14,0,0
BRDA:268,14,1,0
BRDA:273,15,0,1
BRDA:273,15,1,0
BRDA:287,16,0,0
BRDA:287,16,1,0
BRDA:287,17,0,0
BRDA:287,17,1,0
BRDA:300,18,0,6
BRDA:300,18,1,2
BRDA:300,19,0,8
BRDA:300,19,1,7
BRDA:305,20,0,5
BRDA:305,20,1,1
BRDA:305,21,0,6
BRDA:305,21,1,6
BRDA:320,22,0,13
BRDA:320,22,1,0
BRDA:320,23,0,13
BRDA:320,23,1,13
BRDA:322,24,0,8
BRDA:322,24,1,0
BRDA:322,25,0,8
BRDA:322,25,1,8
BRDA:338,26,0,16
BRDA:338,26,1,12
BRDA:340,27,0,6
BRDA:340,27,1,2
BRDA:340,28,0,8
BRDA:340,28,1,7
BRDA:343,29,0,1
BRDA:343,29,1,5
BRDA:353,30,0,3
BRDA:353,30,1,13
BRDA:353,31,0,16
BRDA:353,31,1,3
BRDA:355,32,0,0
BRDA:355,32,1,3
BRDA:380,33,0,16
BRDA:380,33,1,12
BRDA:382,34,0,6
BRDA:382,34,1,2
BRDA:382,35,0,8
BRDA:382,35,1,7
BRDA:388,36,0,3
BRDA:388,36,1,13
BRDA:388,37,0,16
BRDA:388,37,1,3
BRDA:390,38,0,0
BRDA:390,38,1,3
BRDA:399,39,0,3
BRDA:399,39,1,13
BRDA:399,40,0,16
BRDA:399,40,1,3
BRDA:401,41,0,0
BRDA:401,41,1,3
BRDA:418,42,0,8
BRDA:418,42,1,0
BRDA:418,43,0,8
BRDA:418,43,1,8
BRDA:426,44,0,13
BRDA:426,44,1,0
BRDA:428,45,0,0
BRDA:428,45,1,13
BRF:91
BRH:69
end_of_record
TN:
SF:src/services/logger.service.ts
FN:38,(anonymous_0)
FN:40,(anonymous_1)
FN:46,(anonymous_2)
FN:52,(anonymous_3)
FN:58,(anonymous_4)
FN:62,(anonymous_5)
FN:108,(anonymous_6)
FN:114,(anonymous_7)
FN:125,(anonymous_8)
FN:129,(anonymous_9)
FN:133,(anonymous_10)
FN:137,(anonymous_11)
FN:141,(anonymous_12)
FN:168,(anonymous_13)
FN:172,(anonymous_14)
FN:183,(anonymous_15)
FN:191,(anonymous_16)
FN:195,(anonymous_17)
FN:199,(anonymous_18)
FN:203,(anonymous_19)
FN:209,getLogger
FN:214,setupLogger
FNF:22
FNH:9
FNDA:23,(anonymous_0)
FNDA:4,(anonymous_1)
FNDA:15,(anonymous_2)
FNDA:3,(anonymous_3)
FNDA:6,(anonymous_4)
FNDA:23,(anonymous_5)
FNDA:0,(anonymous_6)
FNDA:0,(anonymous_7)
FNDA:0,(anonymous_8)
FNDA:0,(anonymous_9)
FNDA:0,(anonymous_10)
FNDA:0,(anonymous_11)
FNDA:0,(anonymous_12)
FNDA:1,(anonymous_13)
FNDA:16,(anonymous_14)
FNDA:0,(anonymous_15)
FNDA:0,(anonymous_16)
FNDA:0,(anonymous_17)
FNDA:0,(anonymous_18)
FNDA:0,(anonymous_19)
FNDA:16,getLogger
FNDA:0,setupLogger
DA:37,5
DA:38,23
DA:41,4
DA:42,1
DA:47,15
DA:48,14
DA:53,3
DA:54,2
DA:59,6
DA:63,23
DA:64,23
DA:66,23
DA:67,2
DA:70,23
DA:71,2
DA:74,23
DA:76,23
DA:77,3
DA:81,23
DA:85,23
DA:88,23
DA:89,2
DA:93,23
DA:94,3
DA:97,3
DA:105,5
DA:109,0
DA:110,0
DA:111,0
DA:115,0
DA:121,0
DA:126,0
DA:130,0
DA:134,0
DA:138,0
DA:142,0
DA:144,0
DA:146,0
DA:147,0
DA:148,0
DA:149,0
DA:150,0
DA:151,0
DA:152,0
DA:157,0
DA:164,5
DA:169,1
DA:173,16
DA:174,1
DA:176,1
DA:178,1
DA:180,16
DA:184,0
DA:185,0
DA:187,0
DA:192,0
DA:196,0
DA:200,0
DA:204,0
DA:209,5
DA:210,16
DA:214,5
DA:220,0
DA:221,0
DA:223,0
DA:226,0
DA:227,0
LF:67
LH:36
BRDA:38,0,0,1
BRDA:41,1,0,1
BRDA:41,1,1,3
BRDA:47,2,0,14
BRDA:47,2,1,1
BRDA:53,3,0,2
BRDA:53,3,1,1
BRDA:66,4,0,2
BRDA:66,4,1,21
BRDA:66,5,0,11
BRDA:66,5,1,12
BRDA:66,6,0,23
BRDA:66,6,1,23
BRDA:70,7,0,2
BRDA:70,7,1,21
BRDA:70,8,0,11
BRDA:70,8,1,12
BRDA:70,9,0,23
BRDA:70,9,1,23
BRDA:76,10,0,3
BRDA:76,10,1,20
BRDA:76,11,0,11
BRDA:76,11,1,12
BRDA:76,12,0,23
BRDA:76,12,1,23
BRDA:81,13,0,6
BRDA:81,13,1,17
BRDA:82,14,0,2
BRDA:82,14,1,15
BRDA:88,15,0,2
BRDA:88,15,1,21
BRDA:88,16,0,23
BRDA:88,16,1,21
BRDA:88,16,2,7
BRDA:88,17,0,3
BRDA:88,17,1,4
BRDA:88,18,0,7
BRDA:88,18,1,7
BRDA:93,19,0,3
BRDA:93,19,1,20
BRDA:93,20,0,11
BRDA:93,20,1,12
BRDA:93,21,0,23
BRDA:93,21,1,23
BRDA:94,22,0,2
BRDA:94,22,1,1
BRDA:95,23,0,2
BRDA:95,23,1,1
BRDA:108,24,0,0
BRDA:142,25,0,0
BRDA:142,25,1,0
BRDA:146,26,0,0
BRDA:146,26,1,0
BRDA:147,27,0,0
BRDA:147,27,1,0
BRDA:148,28,0,0
BRDA:148,28,1,0
BRDA:149,29,0,0
BRDA:149,29,1,0
BRDA:150,30,0,0
BRDA:150,30,1,0
BRDA:151,31,0,0
BRDA:151,31,1,0
BRDA:152,32,0,0
BRDA:152,32,1,0
BRDA:173,33,0,1
BRDA:173,33,1,15
BRDA:174,34,0,1
BRDA:174,34,1,0
BRDA:184,35,0,0
BRDA:184,35,1,0
BRDA:215,36,0,0
BRDA:216,37,0,0
BRDA:220,38,0,0
BRDA:220,38,1,0
BRDA:223,39,0,0
BRDA:223,39,1,0
BRF:77
BRH:51
end_of_record
TN:
SF:src/services/variable.service.ts
FN:52,(anonymous_0)
FN:87,(anonymous_1)
FN:89,(anonymous_2)
FN:115,(anonymous_3)
FN:147,(anonymous_4)
FN:243,(anonymous_5)
FN:255,(anonymous_6)
FN:256,(anonymous_7)
FN:262,(anonymous_8)
FN:269,(anonymous_9)
FN:276,(anonymous_10)
FN:283,(anonymous_11)
FN:295,(anonymous_12)
FN:315,(anonymous_13)
FN:356,(anonymous_14)
FN:366,(anonymous_15)
FN:373,(anonymous_16)
FN:386,(anonymous_17)
FN:398,(anonymous_18)
FN:406,(anonymous_19)
FN:415,(anonymous_20)
FN:427,(anonymous_21)
FN:438,(anonymous_22)
FN:462,(anonymous_23)
FN:470,(anonymous_24)
FNF:25
FNH:20
FNDA:41,(anonymous_0)
FNDA:41,(anonymous_1)
FNDA:35,(anonymous_2)
FNDA:5,(anonymous_3)
FNDA:52,(anonymous_4)
FNDA:19,(anonymous_5)
FNDA:9,(anonymous_6)
FNDA:20,(anonymous_7)
FNDA:6,(anonymous_8)
FNDA:1,(anonymous_9)
FNDA:1,(anonymous_10)
FNDA:1,(anonymous_11)
FNDA:1,(anonymous_12)
FNDA:0,(anonymous_13)
FNDA:0,(anonymous_14)
FNDA:17,(anonymous_15)
FNDA:0,(anonymous_16)
FNDA:0,(anonymous_17)
FNDA:0,(anonymous_18)
FNDA:1,(anonymous_19)
FNDA:1,(anonymous_20)
FNDA:1,(anonymous_21)
FNDA:2,(anonymous_22)
FNDA:38,(anonymous_23)
FNDA:1,(anonymous_24)
DA:3,1
DA:4,1
DA:8,1
DA:33,1
DA:41,41
DA:44,41
DA:56,41
DA:57,41
DA:88,41
DA:89,34
DA:90,35
DA:91,35
DA:92,3
DA:94,2
DA:97,2
DA:99,0
DA:103,2
DA:108,3
DA:110,32
DA:114,7
DA:115,5
DA:118,5
DA:119,5
DA:120,5
DA:121,12
DA:123,5
DA:126,0
DA:149,52
DA:150,52
DA:151,0
DA:152,0
DA:154,0
DA:155,0
DA:156,0
DA:158,0
DA:159,0
DA:161,0
DA:164,0
DA:166,0
DA:171,0
DA:172,0
DA:173,0
DA:175,0
DA:177,0
DA:180,0
DA:185,52
DA:186,0
DA:187,0
DA:188,0
DA:190,0
DA:192,0
DA:193,0
DA:195,0
DA:198,0
DA:203,52
DA:204,2
DA:205,2
DA:206,2
DA:210,50
DA:211,13
DA:215,37
DA:216,10
DA:217,10
DA:218,0
DA:223,37
DA:224,10
DA:225,10
DA:226,10
DA:227,9
DA:233,28
DA:237,28
DA:244,19
DA:245,15
DA:246,0
DA:249,19
DA:256,20
DA:263,6
DA:270,1
DA:277,1
DA:284,1
DA:296,1
DA:297,1
DA:298,1
DA:300,2
DA:303,1
DA:321,0
DA:322,0
DA:325,0
DA:329,0
DA:332,0
DA:333,0
DA:334,0
DA:339,0
DA:340,0
DA:346,0
DA:357,0
DA:358,0
DA:360,0
DA:367,17
DA:374,0
DA:375,0
DA:377,0
DA:387,0
DA:399,0
DA:407,1
DA:408,1
DA:416,1
DA:417,1
DA:418,1
DA:428,1
DA:429,1
DA:430,1
DA:431,1
DA:440,2
DA:462,2
DA:463,38
DA:476,1
LF:117
LH:71
BRDA:87,0,0,23
BRDA:88,1,0,34
BRDA:88,1,1,7
BRDA:91,2,0,3
BRDA:91,2,1,32
BRDA:92,3,0,2
BRDA:92,3,1,1
BRDA:97,4,0,0
BRDA:97,4,1,2
BRDA:114,5,0,2
BRDA:114,5,1,5
BRDA:118,6,0,5
BRDA:118,6,1,0
BRDA:118,7,0,5
BRDA:118,7,1,5
BRDA:150,8,0,0
BRDA:150,8,1,52
BRDA:150,9,0,52
BRDA:150,9,1,52
BRDA:150,9,2,52
BRDA:154,10,0,0
BRDA:154,10,1,0
BRDA:156,11,0,0
BRDA:156,11,1,0
BRDA:159,12,0,0
BRDA:159,12,1,0
BRDA:164,13,0,0
BRDA:164,13,1,0
BRDA:185,14,0,0
BRDA:185,14,1,52
BRDA:185,15,0,52
BRDA:185,15,1,52
BRDA:188,16,0,0
BRDA:188,16,1,0
BRDA:203,17,0,2
BRDA:203,17,1,50
BRDA:206,18,0,2
BRDA:206,18,1,1
BRDA:210,19,0,13
BRDA:210,19,1,37
BRDA:215,20,0,10
BRDA:215,20,1,27
BRDA:215,21,0,37
BRDA:215,21,1,10
BRDA:217,22,0,0
BRDA:217,22,1,10
BRDA:223,23,0,10
BRDA:223,23,1,27
BRDA:226,24,0,9
BRDA:226,24,1,1
BRDA:233,25,0,9
BRDA:233,25,1,19
BRDA:233,26,0,28
BRDA:233,26,1,28
BRDA:233,27,0,9
BRDA:233,27,1,19
BRDA:233,28,0,28
BRDA:233,28,1,28
BRDA:245,29,0,0
BRDA:245,29,1,15
BRDA:256,30,0,0
BRDA:256,30,1,20
BRDA:256,31,0,20
BRDA:256,31,1,20
BRDA:321,32,0,0
BRDA:321,32,1,0
BRDA:333,33,0,0
BRDA:333,33,1,0
BRDA:339,34,0,0
BRDA:339,34,1,0
BRDA:357,35,0,0
BRDA:357,35,1,0
BRF:72
BRH:47
end_of_record
